<?xml version="1.0" ?>
<testsuite errors="0" failures="0" name="searchtests.SearchTests-20151015103216" tests="2" time="5.832">
	<testcase classname="searchtests.SearchTests" name="test_search_by_category" time="2.887"/>
	<testcase classname="searchtests.SearchTests" name="test_search_by_name" time="2.945"/>
	<system-out>
<![CDATA[]]>	</system-out>
	<system-err>
<![CDATA[]]>	</system-err>
</testsuite>
